2018-07-20 09:44:37   admin   用户登录系统
2018-07-20 09:49:33   admin   用户退出系统
2018-07-20 09:49:37   admin   用户登录系统
2018-07-20 10:40:37   admin   用户退出系统
2018-07-20 10:40:47   ly123   用户登录系统
2018-07-20 15:02:23   admin   用户退出系统
2018-07-20 15:03:03   爱叫啥叫啥   用户登录系统
2018-07-20 15:03:30   爱叫啥叫啥   用户退出系统
2018-07-20 15:03:35   admin   用户登录系统
2018-07-20 15:03:50   admin   用户退出系统
2018-07-20 15:04:00   admin   用户登录系统
2018-07-20 17:43:12   admin   用户登录系统
2018-07-20 17:44:37   admin   用户退出系统
2018-07-20 17:44:55   ly123   用户登录系统
2018-07-20 15:03:35   admin   用户登录系统
2018-07-20 15:03:50   admin   用户退出系统
2018-07-20 15:04:00   admin   用户登录系统
2018-07-20 17:43:12   admin   用户登录系统
2018-07-20 17:44:37   admin   用户退出系统
2018-07-20 17:44:55   ly123   用户登录系统
2018-07-20 15:03:35   admin   用户登录系统
2018-07-20 15:03:50   admin   用户退出系统
2018-07-20 15:04:00   admin   用户登录系统
2018-07-20 17:43:12   admin   用户登录系统
2018-07-20 17:44:37   admin   用户退出系统
2018-07-20 17:44:55   ly123   用户登录系统
